<?xml version="1.0" encoding="UTF-8"?>
<!-- Generated by org.testng.reporters.JUnitReportReporter -->
<testsuite hostname="hw1" name="com.umuc.d2l.scripts.Psftenrollment2"
	tests="1" failures="0" timestamp="3 Sep 2015 09:55:21 GMT" time="6.390"
	errors="0">
	<testcase name="psftenrollment_PI1" time="6.390"
		classname="com.umuc.d2l.scripts.Psftenrollment2" />
</testsuite> <!-- com.umuc.d2l.scripts.Psftenrollment2 -->
