<?xml version="1.0" encoding="UTF-8"?>
<!-- Generated by org.testng.reporters.JUnitReportReporter -->
<testsuite hostname="HW1601" name="com.umuc.d2l.scripts.Psftunenrollment_TA2" tests="2" failures="0" timestamp="11 Sep 2015 10:01:03 GMT" time="119.193" errors="0">
  <testcase name="psftunenrollment_TeachInstr" time="103.579" classname="com.umuc.d2l.scripts.Psftunenrollment_TA2"/>
  <testcase name="psftunenrollment_TeachInstr" time="15.614" classname="com.umuc.d2l.scripts.Psftunenrollment_TA2"/>
</testsuite> <!-- com.umuc.d2l.scripts.Psftunenrollment_TA2 -->
