<?xml version="1.0" encoding="UTF-8"?>
<!-- Generated by org.testng.reporters.JUnitReportReporter -->
<testsuite hostname="EUCQAW010" name="com.ugc.scripts.QuoteCreation_QuoteNumberDisplayedAfterGetQuote" tests="1" failures="0" timestamp="27 Sep 2016 10:58:24 GMT" time="63.644" errors="0">
  <testcase name="QuoteCreation_QuoteNumber_Displayed_After_GetQuote" time="63.644" classname="com.ugc.scripts.QuoteCreation_QuoteNumberDisplayedAfterGetQuote"/>
</testsuite> <!-- com.ugc.scripts.QuoteCreation_QuoteNumberDisplayedAfterGetQuote -->
