<?xml version="1.0" encoding="UTF-8"?>
<!-- Generated by org.testng.reporters.JUnitReportReporter -->
<testsuite hostname="EUCQAW010" name="com.ugc.scripts.LoginVerify" tests="1" failures="0" timestamp="2 Sep 2016 10:46:36 GMT" time="10.521" errors="0">
  <testcase name="NewApplication_CreateNewApplication_BPA" time="10.521" classname="com.ugc.scripts.LoginVerify"/>
</testsuite> <!-- com.ugc.scripts.LoginVerify -->
