<?xml version="1.0" encoding="UTF-8"?>
<!-- Generated by org.testng.reporters.JUnitReportReporter -->
<testsuite hostname="EUCQAW010" name="com.ugc.scripts.MIGNGtoDelegatedSignOutFromMIGNG" tests="1" failures="0" timestamp="27 Sep 2016 10:58:22 GMT" time="33.882" errors="0">
  <testcase name="MIGNG_To_Delegated_SignOut_From_MIGNG" time="33.882" classname="com.ugc.scripts.MIGNGtoDelegatedSignOutFromMIGNG"/>
</testsuite> <!-- com.ugc.scripts.MIGNGtoDelegatedSignOutFromMIGNG -->
