<?xml version="1.0" encoding="UTF-8"?>
<!-- Generated by org.testng.reporters.JUnitReportReporter -->
<testsuite hostname="EUCQAW010" name="com.ugc.scripts.NewApplication_CreateNewApplication_BPSM" tests="1" failures="0" timestamp="27 Sep 2016 10:58:22 GMT" time="65.431" errors="0">
  <testcase name="New_Application_Create_New_Application_BPSM" time="65.431" classname="com.ugc.scripts.NewApplication_CreateNewApplication_BPSM"/>
</testsuite> <!-- com.ugc.scripts.NewApplication_CreateNewApplication_BPSM -->
