<?xml version="1.0" encoding="UTF-8"?>
<!-- Generated by org.testng.reporters.JUnitReportReporter -->
<testsuite hostname="EUCQAW010" name="com.ugc.scripts.UserShouldBeAbleToSignOutvia_SIGNOUT_ButtonRAPidLink" tests="1" failures="0" timestamp="8 Sep 2016 05:36:15 GMT" time="60.796" errors="0">
  <testcase name="NewApplication_SignOut_RAPID_" time="60.796" classname="com.ugc.scripts.UserShouldBeAbleToSignOutvia_SIGNOUT_ButtonRAPidLink"/>
</testsuite> <!-- com.ugc.scripts.UserShouldBeAbleToSignOutvia_SIGNOUT_ButtonRAPidLink -->
