<?xml version="1.0" encoding="UTF-8"?>
<!-- Generated by org.testng.reporters.JUnitReportReporter -->
<testsuite hostname="EUCQAW010" name="com.ugc.scripts.TC_003_NGQ_External_NewQuotes_BPSNR" tests="1" failures="0" timestamp="27 Sep 2016 10:58:22 GMT" time="68.750" errors="0">
  <testcase name="TC_003_NGQ_External_New_Quote_BPSNR" time="68.750" classname="com.ugc.scripts.TC_003_NGQ_External_NewQuotes_BPSNR"/>
</testsuite> <!-- com.ugc.scripts.TC_003_NGQ_External_NewQuotes_BPSNR -->
