<?xml version="1.0" encoding="UTF-8"?>
<!-- Generated by org.testng.reporters.JUnitReportReporter -->
<testsuite hostname="HW1601" name="com.umuc.d2l.scripts.D2LProduct_version_verification" tests="1" failures="0" timestamp="16 Sep 2015 06:01:14 GMT" time="22.635" errors="0">
  <testcase name="d2l_verify_Version" time="22.635" classname="com.umuc.d2l.scripts.D2LProduct_version_verification"/>
</testsuite> <!-- com.umuc.d2l.scripts.D2LProduct_version_verification -->
