<?xml version="1.0" encoding="UTF-8"?>
<!-- Generated by org.testng.reporters.JUnitReportReporter -->
<testsuite hostname="HW1601" name="com.umuc.d2l.scripts.SSOPrimaryInstructorLoginVerify" tests="1" failures="0" timestamp="16 Sep 2015 06:01:14 GMT" time="16.268" errors="0">
  <testcase name="ssoLoginVerify_primaryInstr" time="16.268" classname="com.umuc.d2l.scripts.SSOPrimaryInstructorLoginVerify"/>
</testsuite> <!-- com.umuc.d2l.scripts.SSOPrimaryInstructorLoginVerify -->
