<?xml version="1.0" encoding="UTF-8"?>
<!-- Generated by org.testng.reporters.JUnitReportReporter -->
<testsuite hostname="EUCQAW010" name="com.ugc.scripts.TC_002_NGQ_External_NewQuotes_BPM" tests="1" failures="0" timestamp="27 Sep 2016 10:58:23 GMT" time="68.857" errors="0">
  <testcase name="TC_002_NGQ_External_New_Quote_BPM" time="68.857" classname="com.ugc.scripts.TC_002_NGQ_External_NewQuotes_BPM"/>
</testsuite> <!-- com.ugc.scripts.TC_002_NGQ_External_NewQuotes_BPM -->
