<?xml version="1.0" encoding="UTF-8"?>
<!-- Generated by org.testng.reporters.JUnitReportReporter -->
<testsuite hostname="EUCQAW010" name="com.ugc.scripts.MIGNGtoDelegatedSignOutFromRAPidLink" tests="1" failures="0" timestamp="27 Sep 2016 10:58:24 GMT" time="30.157" errors="0">
  <testcase name="MIGNG_To_Delegated_SignOut_From_RAPidLink" time="30.157" classname="com.ugc.scripts.MIGNGtoDelegatedSignOutFromRAPidLink"/>
</testsuite> <!-- com.ugc.scripts.MIGNGtoDelegatedSignOutFromRAPidLink -->
