<?xml version="1.0" encoding="UTF-8"?>
<!-- Generated by org.testng.reporters.JUnitReportReporter -->
<testsuite hostname="EUCQAW010" name="com.ugc.scripts.Pipeline_LastUpdate_DateFormat" tests="1" failures="0" timestamp="27 Sep 2016 10:58:22 GMT" time="29.076" errors="0">
  <testcase name="Pipeline_Last_Update_Date_Format" time="29.076" classname="com.ugc.scripts.Pipeline_LastUpdate_DateFormat"/>
</testsuite> <!-- com.ugc.scripts.Pipeline_LastUpdate_DateFormat -->
