<?xml version="1.0" encoding="UTF-8"?>
<!-- Generated by org.testng.reporters.JUnitReportReporter -->
<testsuite hostname="EUCQAW010" name="com.ugc.scripts.ResubmitQuote_SuccessfulQuote" tests="1" failures="0" timestamp="27 Sep 2016 10:58:24 GMT" time="105.710" errors="0">
  <testcase name="Resubmit_Quote_Successful_Quote" time="105.710" classname="com.ugc.scripts.ResubmitQuote_SuccessfulQuote"/>
</testsuite> <!-- com.ugc.scripts.ResubmitQuote_SuccessfulQuote -->
