<?xml version="1.0" encoding="UTF-8"?>
<!-- Generated by org.testng.reporters.JUnitReportReporter -->
<testsuite hostname="EUCQAW010" name="com.ugc.scripts.LinkToServicing_PortfolioNavigation" tests="1" failures="0" timestamp="27 Sep 2016 10:58:24 GMT" time="205.405" errors="0">
  <testcase name="Link_To_Servicing_Portfolio_Navigation" time="205.405" classname="com.ugc.scripts.LinkToServicing_PortfolioNavigation"/>
</testsuite> <!-- com.ugc.scripts.LinkToServicing_PortfolioNavigation -->
