<?xml version="1.0" encoding="UTF-8"?>
<!-- Generated by org.testng.reporters.JUnitReportReporter -->
<testsuite hostname="HW1601"
	name="com.umuc.d2l.scripts.D2LVersionverification" tests="1" failures="0"
	timestamp="10 Sep 2015 13:35:48 GMT" time="9.586" errors="0">
	<testcase name="d2l_verify_Version" time="9.586"
		classname="com.umuc.d2l.scripts.D2LVersionverification" />
</testsuite> <!-- com.umuc.d2l.scripts.D2LVersionverification -->
