<?xml version="1.0" encoding="UTF-8"?>
<!-- Generated by org.testng.reporters.JUnitReportReporter -->
<testsuite hostname="EUCQAW010" name="com.ugc.scripts.Quoting_VerifyProperty_StreetAddressCity_Kentucky" tests="1" failures="0" timestamp="27 Sep 2016 10:58:22 GMT" time="205.750" errors="0">
  <testcase name="Quoting_Verify_Property_Street_Address_City_Kentucky" time="205.750" classname="com.ugc.scripts.Quoting_VerifyProperty_StreetAddressCity_Kentucky"/>
</testsuite> <!-- com.ugc.scripts.Quoting_VerifyProperty_StreetAddressCity_Kentucky -->
