<?xml version="1.0" encoding="UTF-8"?>
<!-- Generated by org.testng.reporters.JUnitReportReporter -->
<testsuite hostname="EUCQAW010" name="com.ugc.scripts.MIGNGtoDelegatedNewApplication" tests="1" failures="0" timestamp="27 Sep 2016 06:36:09 GMT" time="602.601" errors="0">
  <testcase name="MIGNG_To_Delegated_New_Application" time="602.601" classname="com.ugc.scripts.MIGNGtoDelegatedNewApplication"/>
</testsuite> <!-- com.ugc.scripts.MIGNGtoDelegatedNewApplication -->
