<?xml version="1.0" encoding="UTF-8"?>
<!-- Generated by org.testng.reporters.JUnitReportReporter -->
<testsuite hostname="EUCQAW010" name="com.ugc.scripts.UploadDocument_MultipleDocs_NewApplication" tests="1" failures="0" timestamp="27 Sep 2016 10:58:23 GMT" time="93.036" errors="0">
  <testcase name="Upload_Document_Multiple_Docs_New_Application" time="93.036" classname="com.ugc.scripts.UploadDocument_MultipleDocs_NewApplication"/>
</testsuite> <!-- com.ugc.scripts.UploadDocument_MultipleDocs_NewApplication -->
