<?xml version="1.0" encoding="UTF-8"?>
<!-- Generated by org.testng.reporters.JUnitReportReporter -->
<testsuite hostname="EUCQAW010" name="com.ugc.scripts.UploadDocument_ErrorDuringUploadBigFile_NewApplication" tests="1" failures="0" timestamp="27 Sep 2016 10:58:24 GMT" time="122.536" errors="0">
  <testcase name="Upload_Document_Error_During_UploadBigFile_New_Application" time="122.536" classname="com.ugc.scripts.UploadDocument_ErrorDuringUploadBigFile_NewApplication"/>
</testsuite> <!-- com.ugc.scripts.UploadDocument_ErrorDuringUploadBigFile_NewApplication -->
