<?xml version="1.0" encoding="UTF-8"?>
<!-- Generated by org.testng.reporters.JUnitReportReporter -->
<testsuite hostname="EUCQAW011" name="com.ugc.scripts.RapidLink_SignOutFromMIGNG" tests="1" failures="0" timestamp="12 Sep 2016 07:07:19 GMT" time="85.237" errors="0">
  <testcase name="NewApplication_SignOut_RAPID_" time="85.237" classname="com.ugc.scripts.RapidLink_SignOutFromMIGNG"/>
</testsuite> <!-- com.ugc.scripts.RapidLink_SignOutFromMIGNG -->
