<?xml version="1.0" encoding="UTF-8"?>
<!-- Generated by org.testng.reporters.JUnitReportReporter -->
<testsuite hostname="EUCQAW010" name="com.ugc.scripts.UploadDocument_RemoveDocumentFromApplication" tests="1" failures="0" timestamp="27 Sep 2016 11:09:51 GMT" time="156.750" errors="0">
  <testcase name="UploadDocument_RemoveDocumentFromApplication_" time="156.750" classname="com.ugc.scripts.UploadDocument_RemoveDocumentFromApplication"/>
</testsuite> <!-- com.ugc.scripts.UploadDocument_RemoveDocumentFromApplication -->
