<?xml version="1.0" encoding="UTF-8"?>
<!-- Generated by org.testng.reporters.JUnitReportReporter -->
<testsuite hostname="EUCQAW010" name="com.ugc.scripts.QuotePdf_StateTaxes" tests="1" failures="0" timestamp="27 Sep 2016 10:58:23 GMT" time="111.100" errors="0">
  <testcase name="Quote_Pdf_State_Taxes" time="111.100" classname="com.ugc.scripts.QuotePdf_StateTaxes"/>
</testsuite> <!-- com.ugc.scripts.QuotePdf_StateTaxes -->
