<?xml version="1.0" encoding="UTF-8"?>
<!-- Generated by org.testng.reporters.JUnitReportReporter -->
<testsuite hostname="EUCQAW011" name="com.ugc.scripts.UserShouldBeSignedOutOf_RAPidLinkAfterSigningOutOf_MIGNG" tests="1" failures="0" timestamp="7 Sep 2016 10:27:34 GMT" time="257.049" errors="0">
  <testcase name="NewApplication_CreateNewApplication_RAPID_" time="257.049" classname="com.ugc.scripts.UserShouldBeSignedOutOf_RAPidLinkAfterSigningOutOf_MIGNG"/>
</testsuite> <!-- com.ugc.scripts.UserShouldBeSignedOutOf_RAPidLinkAfterSigningOutOf_MIGNG -->
