<?xml version="1.0" encoding="UTF-8"?>
<!-- Generated by org.testng.reporters.JUnitReportReporter -->
<testsuite hostname="EUCQAW010" name="com.ugc.scripts.UploadDocument_NoDocsUploaded_NewApplication" tests="1" failures="0" timestamp="27 Sep 2016 10:58:22 GMT" time="68.231" errors="0">
  <testcase name="Upload_Document_NoDocsUploaded_New_Application" time="68.231" classname="com.ugc.scripts.UploadDocument_NoDocsUploaded_NewApplication"/>
</testsuite> <!-- com.ugc.scripts.UploadDocument_NoDocsUploaded_NewApplication -->
