<?xml version="1.0" encoding="UTF-8"?>
<!-- Generated by org.testng.reporters.JUnitReportReporter -->
<testsuite hostname="EUCQAW010" name="com.ugc.scripts.MIGNGtoDelegatedLinktoLegacy_Delegated_ALL" tests="1" failures="0" timestamp="27 Sep 2016 10:58:22 GMT" time="229.635" errors="0">
  <testcase name="MIGNG_To_Delegated_LinktoLegacy_DelegatedALL" time="229.635" classname="com.ugc.scripts.MIGNGtoDelegatedLinktoLegacy_Delegated_ALL"/>
</testsuite> <!-- com.ugc.scripts.MIGNGtoDelegatedLinktoLegacy_Delegated_ALL -->
