<?xml version="1.0" encoding="UTF-8"?>
<!-- Generated by org.testng.reporters.JUnitReportReporter -->
<testsuite hostname="HW1601" name="com.umuc.d2l.scripts.SSOPrimaryInstructorCourseVerify" tests="1" failures="0" timestamp="16 Sep 2015 06:01:14 GMT" time="15.980" errors="0">
  <testcase name="ssoCourseVerify_primaryInstr" time="15.980" classname="com.umuc.d2l.scripts.SSOPrimaryInstructorCourseVerify"/>
</testsuite> <!-- com.umuc.d2l.scripts.SSOPrimaryInstructorCourseVerify -->
