<?xml version="1.0" encoding="UTF-8"?>
<!-- Generated by org.testng.reporters.JUnitReportReporter -->
<testsuite hostname="EUCQAW010" name="com.ugc.scripts.QuotePdf_ExistingQuote" tests="1" failures="0" timestamp="27 Sep 2016 06:36:09 GMT" time="414.111" errors="0">
  <testcase name="Quote_Pdf_Existing_Quote" time="414.111" classname="com.ugc.scripts.QuotePdf_ExistingQuote"/>
</testsuite> <!-- com.ugc.scripts.QuotePdf_ExistingQuote -->
