<?xml version="1.0" encoding="UTF-8"?>
<!-- Generated by org.testng.reporters.JUnitReportReporter -->
<testsuite hostname="HW1601" name="com.umuc.d2l.scripts.WebDevUrl"
	tests="1" failures="0" timestamp="10 Sep 2015 13:32:21 GMT" time="3.131"
	errors="0">
	<testcase name="webdev_Verfication" time="3.131"
		classname="com.umuc.d2l.scripts.WebDevUrl" />
</testsuite> <!-- com.umuc.d2l.scripts.WebDevUrl -->
