<?xml version="1.0" encoding="UTF-8"?>
<!-- Generated by org.testng.reporters.JUnitReportReporter -->
<testsuite hostname="EUCQAW010" name="com.ugc.scripts.PaymentComparison_SwitchPaymentTypeOption_NewQuote" tests="1" failures="0" timestamp="27 Sep 2016 10:58:24 GMT" time="82.677" errors="0">
  <testcase name="PaymentComparison_SwitchPaymentTypeOption_NewQuote_" time="82.677" classname="com.ugc.scripts.PaymentComparison_SwitchPaymentTypeOption_NewQuote"/>
</testsuite> <!-- com.ugc.scripts.PaymentComparison_SwitchPaymentTypeOption_NewQuote -->
