<?xml version="1.0" encoding="UTF-8"?>
<!-- Generated by org.testng.reporters.JUnitReportReporter -->
<testsuite hostname="EUCQAW010" name="com.ugc.scripts.MIGNG_toDelegatedUpload" tests="1" failures="0" timestamp="27 Sep 2016 06:36:09 GMT" time="806.939" errors="0">
  <testcase name="MIGNG_To_Delegated_Upload" time="806.939" classname="com.ugc.scripts.MIGNG_toDelegatedUpload"/>
</testsuite> <!-- com.ugc.scripts.MIGNG_toDelegatedUpload -->
