<?xml version="1.0" encoding="UTF-8"?>
<!-- Generated by org.testng.reporters.JUnitReportReporter -->
<testsuite hostname="EUCQAW010" name="com.ugc.scripts.RemoveMyAccountLinkInRL_ForMIGNGUsers" tests="1" failures="0" timestamp="27 Sep 2016 10:58:24 GMT" time="688.922" errors="0">
  <testcase name="Remove_MyAccount_Link_InRL_For_MIGNG_User" time="688.922" classname="com.ugc.scripts.RemoveMyAccountLinkInRL_ForMIGNGUsers"/>
</testsuite> <!-- com.ugc.scripts.RemoveMyAccountLinkInRL_ForMIGNGUsers -->
