<?xml version="1.0" encoding="UTF-8"?>
<!-- Generated by org.testng.reporters.JUnitReportReporter -->
<testsuite hostname="EUCQAW010" name="com.ugc.scripts.UploadDocument_NoDocsUploaded_ExistingApplication" tests="1" failures="0" timestamp="27 Sep 2016 10:58:24 GMT" time="41.007" errors="0">
  <testcase name="Upload_Document_NoDocsUploaded_Existing_Application" time="41.007" classname="com.ugc.scripts.UploadDocument_NoDocsUploaded_ExistingApplication"/>
</testsuite> <!-- com.ugc.scripts.UploadDocument_NoDocsUploaded_ExistingApplication -->
