<?xml version="1.0" encoding="UTF-8"?>
<!-- Generated by org.testng.reporters.JUnitReportReporter -->
<testsuite hostname="EUCQAW010" name="com.ugc.scripts.Quapper_ExistingQuoteAndApplication" tests="1" failures="0" timestamp="27 Sep 2016 10:58:24 GMT" time="199.338" errors="0">
  <testcase name="Quapper_ExistingQuoteAndApplication_" time="199.338" classname="com.ugc.scripts.Quapper_ExistingQuoteAndApplication"/>
</testsuite> <!-- com.ugc.scripts.Quapper_ExistingQuoteAndApplication -->
