<?xml version="1.0" encoding="UTF-8"?>
<!-- Generated by org.testng.reporters.JUnitReportReporter -->
<testsuite hostname="HW1601" name="com.umuc.d2l.scripts.Psftenrollment_TA" tests="1" failures="0" timestamp="16 Sep 2015 06:01:14 GMT" time="108.038" errors="0">
  <testcase name="psftenrollment_TeachAsst" time="108.038" classname="com.umuc.d2l.scripts.Psftenrollment_TA"/>
</testsuite> <!-- com.umuc.d2l.scripts.Psftenrollment_TA -->
