<?xml version="1.0" encoding="UTF-8"?>
<!-- Generated by org.testng.reporters.JUnitReportReporter -->
<testsuite hostname="HW1601" name="com.umuc.d2l.scripts.Psftunenrollment_PI" tests="1" failures="0" timestamp="16 Sep 2015 06:01:14 GMT" time="158.191" errors="0">
  <testcase name="psftunenrollment_PrimInstr" time="158.191" classname="com.umuc.d2l.scripts.Psftunenrollment_PI"/>
</testsuite> <!-- com.umuc.d2l.scripts.Psftunenrollment_PI -->
