<?xml version="1.0" encoding="UTF-8"?>
<!-- Generated by org.testng.reporters.JUnitReportReporter -->
<testsuite hostname="EUCQAW010" name="com.ugc.scripts.ResubmitQuote_UnSuccessfulQuote" tests="1" failures="0" timestamp="27 Sep 2016 10:58:22 GMT" time="103.423" errors="0">
  <testcase name="Resubmit_Quote_UnSuccessful_Quote" time="103.423" classname="com.ugc.scripts.ResubmitQuote_UnSuccessfulQuote"/>
</testsuite> <!-- com.ugc.scripts.ResubmitQuote_UnSuccessfulQuote -->
