<?xml version="1.0" encoding="UTF-8"?>
<!-- Generated by org.testng.reporters.JUnitReportReporter -->
<testsuite hostname="EUCQAW010" name="com.ugc.scripts.SearchBy_UGID" tests="1" failures="0" timestamp="27 Sep 2016 10:58:24 GMT" time="134.520" errors="0">
  <testcase name="Search_By_UGID" time="134.520" classname="com.ugc.scripts.SearchBy_UGID"/>
</testsuite> <!-- com.ugc.scripts.SearchBy_UGID -->
