<?xml version="1.0" encoding="UTF-8"?>
<!-- Generated by org.testng.reporters.JUnitReportReporter -->
<testsuite hostname="EUCQAW010" name="com.ugc.scripts.Quapper_NewQuoteAndApplication" tests="1" failures="0" timestamp="27 Sep 2016 10:58:24 GMT" time="295.567" errors="0">
  <testcase name="Quapper_NewQuoteAndApplication_" time="295.567" classname="com.ugc.scripts.Quapper_NewQuoteAndApplication"/>
</testsuite> <!-- com.ugc.scripts.Quapper_NewQuoteAndApplication -->
