<?xml version="1.0" encoding="UTF-8"?>
<!-- Generated by org.testng.reporters.JUnitReportReporter -->
<testsuite hostname="EUCQAW010" name="com.ugc.scripts.TC_008_NGQ_External_NewQuotes_LPS" tests="1" failures="0" timestamp="27 Sep 2016 10:58:23 GMT" time="64.059" errors="0">
  <testcase name="TC_008_NGQ_External_New_Quote_LPS" time="64.059" classname="com.ugc.scripts.TC_008_NGQ_External_NewQuotes_LPS"/>
</testsuite> <!-- com.ugc.scripts.TC_008_NGQ_External_NewQuotes_LPS -->
