<?xml version="1.0" encoding="UTF-8"?>
<!-- Generated by org.testng.reporters.JUnitReportReporter -->
<testsuite hostname="EUCQAW010" name="com.ugc.scripts.TC_007_NGQ_External_NewQuotes_LPM" tests="1" failures="0" timestamp="27 Sep 2016 10:58:23 GMT" time="63.158" errors="0">
  <testcase name="TC_007_NGQ_External_New_Quote_LPM" time="63.158" classname="com.ugc.scripts.TC_007_NGQ_External_NewQuotes_LPM"/>
</testsuite> <!-- com.ugc.scripts.TC_007_NGQ_External_NewQuotes_LPM -->
