<?xml version="1.0" encoding="UTF-8"?>
<!-- Generated by org.testng.reporters.JUnitReportReporter -->
<testsuite hostname="EUCQAW010" name="com.ugc.scripts.Pipeline_Application_Submitted_Withquote" tests="1" failures="0" timestamp="27 Sep 2016 10:58:23 GMT" time="107.698" errors="0">
  <testcase name="Pipeline_Application_Submitted_With_Quote" time="107.698" classname="com.ugc.scripts.Pipeline_Application_Submitted_Withquote"/>
</testsuite> <!-- com.ugc.scripts.Pipeline_Application_Submitted_Withquote -->
