<?xml version="1.0" encoding="UTF-8"?>
<!-- Generated by org.testng.reporters.JUnitReportReporter -->
<testsuite hostname="HW1601" name="com.umuc.d2l.scripts.Versionverify"
	tests="1" failures="0" timestamp="10 Sep 2015 10:22:42 GMT" time="12.412"
	errors="0">
	<testcase name="verify_Version" time="12.412"
		classname="com.umuc.d2l.scripts.Versionverify" />
</testsuite> <!-- com.umuc.d2l.scripts.Versionverify -->
