<?xml version="1.0" encoding="UTF-8"?>
<!-- Generated by org.testng.reporters.JUnitReportReporter -->
<testsuite hostname="EUCQAW010" name="com.ugc.scripts.UploadFannieMae_NewQuote" tests="1" failures="0" timestamp="27 Sep 2016 06:36:09 GMT" time="121.040" errors="0">
  <testcase name="Upload_Fannie_Mae_New_Quote" time="121.040" classname="com.ugc.scripts.UploadFannieMae_NewQuote"/>
</testsuite> <!-- com.ugc.scripts.UploadFannieMae_NewQuote -->
