<?xml version="1.0" encoding="UTF-8"?>
<!-- Generated by org.testng.reporters.JUnitReportReporter -->
<testsuite hostname="hw1" name="com.demo.scripts.Psftenrollment"
	tests="1" failures="0" timestamp="3 Sep 2015 09:14:06 GMT" time="10.394"
	errors="0">
	<testcase name="psftenrollment_PI" time="10.394"
		classname="com.demo.scripts.Psftenrollment" />
</testsuite> <!-- com.demo.scripts.Psftenrollment -->
