<?xml version="1.0" encoding="UTF-8"?>
<!-- Generated by org.testng.reporters.JUnitReportReporter -->
<testsuite hostname="HW1601" name="com.umuc.d2l.scripts.Psftenrollment"
	tests="1" failures="0" timestamp="7 Sep 2015 10:43:37 GMT" time="84.886"
	errors="0">
	<testcase name="psftenrollment_PI1" time="84.886"
		classname="com.umuc.d2l.scripts.Psftenrollment" />
</testsuite> <!-- com.umuc.d2l.scripts.Psftenrollment -->
