<?xml version="1.0" encoding="UTF-8"?>
<!-- Generated by org.testng.reporters.JUnitReportReporter -->
<testsuite hostname="EUCQAW010" name="com.ugc.scripts.QuotePdf_NewQuote" tests="1" failures="0" timestamp="27 Sep 2016 06:36:08 GMT" time="721.358" errors="0">
  <testcase name="Quote_Pdf_New_Quote" time="721.358" classname="com.ugc.scripts.QuotePdf_NewQuote"/>
</testsuite> <!-- com.ugc.scripts.QuotePdf_NewQuote -->
