<?xml version="1.0" encoding="UTF-8"?>
<!-- Generated by org.testng.reporters.JUnitReportReporter -->
<testsuite hostname="EUCQAW010" name="com.ugc.scripts.NewApplication_CreateNewApplication_BPSN" tests="1" failures="0" timestamp="27 Sep 2016 10:58:24 GMT" time="65.251" errors="0">
  <testcase name="New_Application_Create_New_Application_BPSN" time="65.251" classname="com.ugc.scripts.NewApplication_CreateNewApplication_BPSN"/>
</testsuite> <!-- com.ugc.scripts.NewApplication_CreateNewApplication_BPSN -->
