<?xml version="1.0" encoding="UTF-8"?>
<!-- Generated by org.testng.reporters.JUnitReportReporter -->
<testsuite hostname="EUCQAW011" name="com.ugc.scripts.RapidLink_DelegatedLinktoLegacy_Delegated_ALL" tests="1" failures="0" timestamp="12 Sep 2016 04:24:52 GMT" time="154.789" errors="0">
  <testcase name="RapidLink_HeaderLinksDelegated_ALL" time="154.789" classname="com.ugc.scripts.RapidLink_DelegatedLinktoLegacy_Delegated_ALL"/>
</testsuite> <!-- com.ugc.scripts.RapidLink_DelegatedLinktoLegacy_Delegated_ALL -->
