<?xml version="1.0" encoding="UTF-8"?>
<!-- Generated by org.testng.reporters.JUnitReportReporter -->
<testsuite hostname="EUCQAW010" name="com.ugc.scripts.TC_001_NGQ_External_NewQuotes_BPA" tests="1" failures="0" timestamp="27 Sep 2016 10:58:23 GMT" time="67.759" errors="0">
  <testcase name="TC_001_NGQ_External_New_Quote_BPA" time="67.759" classname="com.ugc.scripts.TC_001_NGQ_External_NewQuotes_BPA"/>
</testsuite> <!-- com.ugc.scripts.TC_001_NGQ_External_NewQuotes_BPA -->
