<?xml version="1.0" encoding="UTF-8"?>
<!-- Generated by org.testng.reporters.JUnitReportReporter -->
<testsuite hostname="EUCQAW010" name="com.ugc.scripts.PaymentComparison_BorrowerPaid_SplitPremiumMonthly" tests="1" failures="0" timestamp="27 Sep 2016 06:36:09 GMT" time="231.726" errors="0">
  <testcase name="PaymentComparison_BorrowerPaid_SplitPremiumMonthly_" time="231.726" classname="com.ugc.scripts.PaymentComparison_BorrowerPaid_SplitPremiumMonthly"/>
</testsuite> <!-- com.ugc.scripts.PaymentComparison_BorrowerPaid_SplitPremiumMonthly -->
