<?xml version="1.0" encoding="UTF-8"?>
<!-- Generated by org.testng.reporters.JUnitReportReporter -->
<testsuite hostname="hw1" name="com.demo.scripts.Psftenrollment2"
	tests="1" failures="0" timestamp="3 Sep 2015 09:14:06 GMT" time="8.306"
	errors="0">
	<testcase name="psftenrollment_PI1" time="8.306"
		classname="com.demo.scripts.Psftenrollment2" />
</testsuite> <!-- com.demo.scripts.Psftenrollment2 -->
