<?xml version="1.0" encoding="UTF-8"?>
<!-- Generated by org.testng.reporters.JUnitReportReporter -->
<testsuite hostname="EUCQAW011" name="com.ugc.scripts.RAPidLinkHeaderPreferences" tests="1" failures="0" timestamp="28 Sep 2016 09:42:10 GMT" time="1299.802" errors="0">
  <testcase name="RAPidLinkHeaderPreference" time="1299.802" classname="com.ugc.scripts.RAPidLinkHeaderPreferences"/>
</testsuite> <!-- com.ugc.scripts.RAPidLinkHeaderPreferences -->
