<?xml version="1.0" encoding="UTF-8"?>
<!-- Generated by org.testng.reporters.JUnitReportReporter -->
<testsuite hostname="HW1601" name="com.umuc.d2l.scripts.Psftenrollment_PI" tests="1" failures="0" timestamp="16 Sep 2015 06:01:14 GMT" time="112.089" errors="0">
  <testcase name="psftenrollment_Priminstr" time="112.089" classname="com.umuc.d2l.scripts.Psftenrollment_PI"/>
</testsuite> <!-- com.umuc.d2l.scripts.Psftenrollment_PI -->
