<?xml version="1.0" encoding="UTF-8"?>
<!-- Generated by org.testng.reporters.JUnitReportReporter -->
<testsuite hostname="EUCQAW010" name="com.ugc.scripts.TC_005_NGQ_External_NewQuotes_BPSplit" tests="1" failures="0" timestamp="27 Sep 2016 10:58:23 GMT" time="67.703" errors="0">
  <testcase name="TC_005_NGQ_External_New_Quote_BPSplit" time="67.703" classname="com.ugc.scripts.TC_005_NGQ_External_NewQuotes_BPSplit"/>
</testsuite> <!-- com.ugc.scripts.TC_005_NGQ_External_NewQuotes_BPSplit -->
