<?xml version="1.0" encoding="UTF-8"?>
<!-- Generated by org.testng.reporters.JUnitReportReporter -->
<testsuite hostname="BD_SUMTST_IT" name="com.fhlb.scripts.FHLBLoginLoginVerify" tests="1" failures="0" timestamp="10 Aug 2016 12:50:33 GMT" time="182.651" errors="0">
  <testcase name="FHLBLoginVerify_Learner" time="182.651" classname="com.fhlb.scripts.FHLBLoginLoginVerify"/>
</testsuite> <!-- com.fhlb.scripts.FHLBLoginLoginVerify -->
