<?xml version="1.0" encoding="UTF-8"?>
<!-- Generated by org.testng.reporters.JUnitReportReporter -->
<testsuite hostname="HW1601" name="com.umuc.d2l.scripts.WebDevContentVerification" tests="1" failures="0" timestamp="16 Sep 2015 06:01:14 GMT" time="4.969" errors="0">
  <testcase name="webdev_content_Verfication" time="4.969" classname="com.umuc.d2l.scripts.WebDevContentVerification"/>
</testsuite> <!-- com.umuc.d2l.scripts.WebDevContentVerification -->
