<?xml version="1.0" encoding="UTF-8"?>
<!-- Generated by org.testng.reporters.JUnitReportReporter -->
<testsuite hostname="EUCQAW010" name="com.ugc.scripts.UploadDocument_ErrorDuringUploadBigFile_ExistingApplication" tests="1" failures="0" timestamp="27 Sep 2016 10:58:23 GMT" time="114.313" errors="0">
  <testcase name="Upload_Document_Error_During_Upload_BigFile_Existing_Application" time="114.313" classname="com.ugc.scripts.UploadDocument_ErrorDuringUploadBigFile_ExistingApplication"/>
</testsuite> <!-- com.ugc.scripts.UploadDocument_ErrorDuringUploadBigFile_ExistingApplication -->
