<?xml version="1.0" encoding="UTF-8"?>
<!-- Generated by org.testng.reporters.JUnitReportReporter -->
<testsuite hostname="EUCQAW010" name="com.ugc.scripts.MIGNGtoDelegatedCertFinderLink" tests="1" failures="0" timestamp="27 Sep 2016 10:58:22 GMT" time="64.936" errors="0">
  <testcase name="MIGNG_To_Delegated_CertFinder_Link" time="64.936" classname="com.ugc.scripts.MIGNGtoDelegatedCertFinderLink"/>
</testsuite> <!-- com.ugc.scripts.MIGNGtoDelegatedCertFinderLink -->
