<?xml version="1.0" encoding="UTF-8"?>
<!-- Generated by org.testng.reporters.JUnitReportReporter -->
<testsuite hostname="EUCQAW010" name="com.ugc.scripts.CreateNewApplication" tests="2" failures="0" timestamp="2 Sep 2016 16:58:19 GMT" time="286.021" errors="0">
  <testcase name="NewApplication_CreateNewApplication_BPA1" time="58.706" classname="com.ugc.scripts.CreateNewApplication"/>
  <testcase name="NewApplication_CreateNewApplication_BPA1" time="227.315" classname="com.ugc.scripts.CreateNewApplication"/>
</testsuite> <!-- com.ugc.scripts.CreateNewApplication -->
