<?xml version="1.0" encoding="UTF-8"?>
<!-- Generated by org.testng.reporters.JUnitReportReporter -->
<testsuite hostname="EUCQAW010" name="com.ugc.scripts.Pipeline_LastUpdate_ReverseSorting" tests="1" failures="0" timestamp="27 Sep 2016 10:58:23 GMT" time="25.862" errors="0">
  <testcase name="Pipeline_LastUpdate_ReverseSorting_" time="25.862" classname="com.ugc.scripts.Pipeline_LastUpdate_ReverseSorting"/>
</testsuite> <!-- com.ugc.scripts.Pipeline_LastUpdate_ReverseSorting -->
