<?xml version="1.0" encoding="UTF-8"?>
<!-- Generated by org.testng.reporters.JUnitReportReporter -->
<testsuite hostname="EUCQAW010" name="com.ugc.scripts.QuotePdf_Unknown_NewQuote" tests="1" failures="0" timestamp="27 Sep 2016 10:58:22 GMT" time="141.631" errors="0">
  <testcase name="Quote_Pdf_Unknown_New_Quote" time="141.631" classname="com.ugc.scripts.QuotePdf_Unknown_NewQuote"/>
</testsuite> <!-- com.ugc.scripts.QuotePdf_Unknown_NewQuote -->
