<?xml version="1.0" encoding="UTF-8"?>
<!-- Generated by org.testng.reporters.JUnitReportReporter -->
<testsuite hostname="HW1601" name="com.umuc.d2l.scripts.Psftunenrollment_TA" tests="1" failures="0" timestamp="16 Sep 2015 06:01:14 GMT" time="161.178" errors="0">
  <testcase name="psftunenrollment_TeachInstr" time="161.178" classname="com.umuc.d2l.scripts.Psftunenrollment_TA"/>
</testsuite> <!-- com.umuc.d2l.scripts.Psftunenrollment_TA -->
