<?xml version="1.0" encoding="UTF-8"?>
<!-- Generated by org.testng.reporters.JUnitReportReporter -->
<testsuite hostname="HW1601" name="com.umuc.d2l.scripts.SSOLearner" tests="1" failures="0" timestamp="11 Sep 2015 11:19:34 GMT" time="13.923" errors="0">
  <testcase name="ssoVerify_Learner" time="13.923" classname="com.umuc.d2l.scripts.SSOLearner"/>
</testsuite> <!-- com.umuc.d2l.scripts.SSOLearner -->
