<?xml version="1.0" encoding="UTF-8"?>
<!-- Generated by org.testng.reporters.JUnitReportReporter -->
<testsuite hostname="EUCQAW010" name="com.ugc.scripts.QuotePdf_Unknown_ModifyQuote" tests="1" failures="0" timestamp="27 Sep 2016 10:58:23 GMT" time="152.732" errors="0">
  <testcase name="QuotePdf_Unknown_ModifyQuote_" time="152.732" classname="com.ugc.scripts.QuotePdf_Unknown_ModifyQuote"/>
</testsuite> <!-- com.ugc.scripts.QuotePdf_Unknown_ModifyQuote -->
